<?xml version="1.0" encoding="UTF-8"?>
<testng-results skipped="0" failed="0" ignored="0" total="1" passed="1">
  <reporter-output>
  </reporter-output>
  <suite name="Default suite" duration-ms="14349" started-at="2021-09-17T16:28:00Z" finished-at="2021-09-17T16:28:15Z">
    <groups>
    </groups>
    <test name="Default test" duration-ms="14349" started-at="2021-09-17T16:28:00Z" finished-at="2021-09-17T16:28:15Z">
      <class name="com.crm.qa.testcases.LoginPageTest">
        <test-method status="PASS" signature="setup()[pri:0, instance:com.crm.qa.testcases.LoginPageTest@1534f01b]" name="setup" is-config="true" duration-ms="11331" started-at="2021-09-17T21:58:00Z" finished-at="2021-09-17T21:58:12Z">
          <reporter-output>
          </reporter-output>
        </test-method> <!-- setup -->
        <test-method status="PASS" signature="loginTest()[pri:1, instance:com.crm.qa.testcases.LoginPageTest@1534f01b]" name="loginTest" duration-ms="2309" started-at="2021-09-17T21:58:12Z" finished-at="2021-09-17T21:58:14Z">
          <reporter-output>
          </reporter-output>
        </test-method> <!-- loginTest -->
        <test-method status="PASS" signature="tearDown()[pri:0, instance:com.crm.qa.testcases.LoginPageTest@1534f01b]" name="tearDown" is-config="true" duration-ms="683" started-at="2021-09-17T21:58:14Z" finished-at="2021-09-17T21:58:15Z">
          <reporter-output>
          </reporter-output>
        </test-method> <!-- tearDown -->
      </class> <!-- com.crm.qa.testcases.LoginPageTest -->
    </test> <!-- Default test -->
  </suite> <!-- Default suite -->
</testng-results>
